----------------------------------------------------------------
Wed Dec 14 12:56:24 IST 2022:
Booting Derby version The Apache Software Foundation - Apache Derby - 10.14.2.0 - (1828579): instance a816c00e-0185-0f87-0245-00000d0ac050 
on database directory memory:C:\Users\uzaifahmad.shaikh\eclipse-workspace\SpringInventory1\2ceab664-1895-42ec-a4a6-403587aea49f with class loader jdk.internal.loader.ClassLoaders$AppClassLoader@2aae9190 
Loaded from file:/C:/Users/uzaifahmad.shaikh/.m2/repository/org/apache/derby/derby/10.14.2.0/derby-10.14.2.0.jar
java.vendor=Eclipse Adoptium
java.runtime.version=17.0.1+12
user.dir=C:\Users\uzaifahmad.shaikh\eclipse-workspace\SpringInventory1
os.name=Windows 10
os.arch=amd64
os.version=10.0
derby.system.home=null
Database Class Loader started - derby.database.classpath=''
----------------------------------------------------------------
Wed Dec 14 13:00:13 IST 2022:
Shutting down instance a816c00e-0185-0f87-0245-00000d0ac050 on database directory memory:C:\Users\uzaifahmad.shaikh\eclipse-workspace\SpringInventory1\2ceab664-1895-42ec-a4a6-403587aea49f with class loader jdk.internal.loader.ClassLoaders$AppClassLoader@2aae9190 
----------------------------------------------------------------
Wed Dec 14 13:00:15 IST 2022:
Booting Derby version The Apache Software Foundation - Apache Derby - 10.14.2.0 - (1828579): instance 30fbc0bb-0185-0f87-0245-00000d0ac050 
on database directory memory:C:\Users\uzaifahmad.shaikh\eclipse-workspace\SpringInventory1\0b251b53-51ba-4553-a68c-c9bf98d0ffd6 with class loader jdk.internal.loader.ClassLoaders$AppClassLoader@2aae9190 
Loaded from file:/C:/Users/uzaifahmad.shaikh/.m2/repository/org/apache/derby/derby/10.14.2.0/derby-10.14.2.0.jar
java.vendor=Eclipse Adoptium
java.runtime.version=17.0.1+12
user.dir=C:\Users\uzaifahmad.shaikh\eclipse-workspace\SpringInventory1
os.name=Windows 10
os.arch=amd64
os.version=10.0
derby.system.home=null
Database Class Loader started - derby.database.classpath=''
----------------------------------------------------------------
Wed Dec 14 13:03:23 IST 2022:
Shutting down instance 30fbc0bb-0185-0f87-0245-00000d0ac050 on database directory memory:C:\Users\uzaifahmad.shaikh\eclipse-workspace\SpringInventory1\0b251b53-51ba-4553-a68c-c9bf98d0ffd6 with class loader jdk.internal.loader.ClassLoaders$AppClassLoader@2aae9190 
----------------------------------------------------------------
Wed Dec 14 13:03:25 IST 2022:
Booting Derby version The Apache Software Foundation - Apache Derby - 10.14.2.0 - (1828579): instance bcac0161-0185-0f87-0245-00000d0ac050 
on database directory memory:C:\Users\uzaifahmad.shaikh\eclipse-workspace\SpringInventory1\de84b030-8818-408d-b738-246279ed9948 with class loader jdk.internal.loader.ClassLoaders$AppClassLoader@2aae9190 
Loaded from file:/C:/Users/uzaifahmad.shaikh/.m2/repository/org/apache/derby/derby/10.14.2.0/derby-10.14.2.0.jar
java.vendor=Eclipse Adoptium
java.runtime.version=17.0.1+12
user.dir=C:\Users\uzaifahmad.shaikh\eclipse-workspace\SpringInventory1
os.name=Windows 10
os.arch=amd64
os.version=10.0
derby.system.home=null
Database Class Loader started - derby.database.classpath=''
----------------------------------------------------------------
Wed Dec 14 13:03:41 IST 2022:
Shutting down instance bcac0161-0185-0f87-0245-00000d0ac050 on database directory memory:C:\Users\uzaifahmad.shaikh\eclipse-workspace\SpringInventory1\de84b030-8818-408d-b738-246279ed9948 with class loader jdk.internal.loader.ClassLoaders$AppClassLoader@2aae9190 
----------------------------------------------------------------
Wed Dec 14 13:03:42 IST 2022:
Booting Derby version The Apache Software Foundation - Apache Derby - 10.14.2.0 - (1828579): instance 63454207-0185-0f87-0245-00000d0ac050 
on database directory memory:C:\Users\uzaifahmad.shaikh\eclipse-workspace\SpringInventory1\465d4536-0bc7-44d4-b8a1-f3845797f951 with class loader jdk.internal.loader.ClassLoaders$AppClassLoader@2aae9190 
Loaded from file:/C:/Users/uzaifahmad.shaikh/.m2/repository/org/apache/derby/derby/10.14.2.0/derby-10.14.2.0.jar
java.vendor=Eclipse Adoptium
java.runtime.version=17.0.1+12
user.dir=C:\Users\uzaifahmad.shaikh\eclipse-workspace\SpringInventory1
os.name=Windows 10
os.arch=amd64
os.version=10.0
derby.system.home=null
Database Class Loader started - derby.database.classpath=''
----------------------------------------------------------------
Wed Dec 14 13:04:19 IST 2022:
Shutting down instance 63454207-0185-0f87-0245-00000d0ac050 on database directory memory:C:\Users\uzaifahmad.shaikh\eclipse-workspace\SpringInventory1\465d4536-0bc7-44d4-b8a1-f3845797f951 with class loader jdk.internal.loader.ClassLoaders$AppClassLoader@2aae9190 
----------------------------------------------------------------
Wed Dec 14 13:04:20 IST 2022:
Booting Derby version The Apache Software Foundation - Apache Derby - 10.14.2.0 - (1828579): instance 88cec2b3-0185-0f87-0245-00000d0ac050 
on database directory memory:C:\Users\uzaifahmad.shaikh\eclipse-workspace\SpringInventory1\ead4337c-8017-41de-b0b2-1ce7edccb030 with class loader jdk.internal.loader.ClassLoaders$AppClassLoader@2aae9190 
Loaded from file:/C:/Users/uzaifahmad.shaikh/.m2/repository/org/apache/derby/derby/10.14.2.0/derby-10.14.2.0.jar
java.vendor=Eclipse Adoptium
java.runtime.version=17.0.1+12
user.dir=C:\Users\uzaifahmad.shaikh\eclipse-workspace\SpringInventory1
os.name=Windows 10
os.arch=amd64
os.version=10.0
derby.system.home=null
Database Class Loader started - derby.database.classpath=''
----------------------------------------------------------------
Wed Dec 14 13:05:23 IST 2022:
Shutting down instance 88cec2b3-0185-0f87-0245-00000d0ac050 on database directory memory:C:\Users\uzaifahmad.shaikh\eclipse-workspace\SpringInventory1\ead4337c-8017-41de-b0b2-1ce7edccb030 with class loader jdk.internal.loader.ClassLoaders$AppClassLoader@2aae9190 
----------------------------------------------------------------
Wed Dec 14 13:05:24 IST 2022:
Booting Derby version The Apache Software Foundation - Apache Derby - 10.14.2.0 - (1828579): instance 66330359-0185-0f87-0245-00000d0ac050 
on database directory memory:C:\Users\uzaifahmad.shaikh\eclipse-workspace\SpringInventory1\14dfd427-1877-4d3a-8219-274398e16e05 with class loader jdk.internal.loader.ClassLoaders$AppClassLoader@2aae9190 
Loaded from file:/C:/Users/uzaifahmad.shaikh/.m2/repository/org/apache/derby/derby/10.14.2.0/derby-10.14.2.0.jar
java.vendor=Eclipse Adoptium
java.runtime.version=17.0.1+12
user.dir=C:\Users\uzaifahmad.shaikh\eclipse-workspace\SpringInventory1
os.name=Windows 10
os.arch=amd64
os.version=10.0
derby.system.home=null
Database Class Loader started - derby.database.classpath=''
----------------------------------------------------------------
Wed Dec 14 13:09:15 IST 2022:
Shutting down instance 66330359-0185-0f87-0245-00000d0ac050 on database directory memory:C:\Users\uzaifahmad.shaikh\eclipse-workspace\SpringInventory1\14dfd427-1877-4d3a-8219-274398e16e05 with class loader jdk.internal.loader.ClassLoaders$AppClassLoader@2aae9190 
----------------------------------------------------------------
Wed Dec 14 13:09:17 IST 2022:
Booting Derby version The Apache Software Foundation - Apache Derby - 10.14.2.0 - (1828579): instance ed83c406-0185-0f87-0245-00000d0ac050 
on database directory memory:C:\Users\uzaifahmad.shaikh\eclipse-workspace\SpringInventory1\6fa878d2-8ba5-4977-99a2-012b3561313d with class loader jdk.internal.loader.ClassLoaders$AppClassLoader@2aae9190 
Loaded from file:/C:/Users/uzaifahmad.shaikh/.m2/repository/org/apache/derby/derby/10.14.2.0/derby-10.14.2.0.jar
java.vendor=Eclipse Adoptium
java.runtime.version=17.0.1+12
user.dir=C:\Users\uzaifahmad.shaikh\eclipse-workspace\SpringInventory1
os.name=Windows 10
os.arch=amd64
os.version=10.0
derby.system.home=null
Database Class Loader started - derby.database.classpath=''
----------------------------------------------------------------
Wed Dec 14 13:09:20 IST 2022:
Shutting down instance ed83c406-0185-0f87-0245-00000d0ac050 on database directory memory:C:\Users\uzaifahmad.shaikh\eclipse-workspace\SpringInventory1\6fa878d2-8ba5-4977-99a2-012b3561313d with class loader jdk.internal.loader.ClassLoaders$AppClassLoader@2aae9190 
----------------------------------------------------------------
Wed Dec 14 13:09:21 IST 2022:
Booting Derby version The Apache Software Foundation - Apache Derby - 10.14.2.0 - (1828579): instance 51dc84ac-0185-0f87-0245-00000d0ac050 
on database directory memory:C:\Users\uzaifahmad.shaikh\eclipse-workspace\SpringInventory1\ab810d89-028a-4c6f-8ca1-b1b93272d67d with class loader jdk.internal.loader.ClassLoaders$AppClassLoader@2aae9190 
Loaded from file:/C:/Users/uzaifahmad.shaikh/.m2/repository/org/apache/derby/derby/10.14.2.0/derby-10.14.2.0.jar
java.vendor=Eclipse Adoptium
java.runtime.version=17.0.1+12
user.dir=C:\Users\uzaifahmad.shaikh\eclipse-workspace\SpringInventory1
os.name=Windows 10
os.arch=amd64
os.version=10.0
derby.system.home=null
Database Class Loader started - derby.database.classpath=''
----------------------------------------------------------------
Wed Dec 14 13:09:38 IST 2022:
Shutting down instance 51dc84ac-0185-0f87-0245-00000d0ac050 on database directory memory:C:\Users\uzaifahmad.shaikh\eclipse-workspace\SpringInventory1\ab810d89-028a-4c6f-8ca1-b1b93272d67d with class loader jdk.internal.loader.ClassLoaders$AppClassLoader@2aae9190 
----------------------------------------------------------------
Wed Dec 14 13:09:39 IST 2022:
Booting Derby version The Apache Software Foundation - Apache Derby - 10.14.2.0 - (1828579): instance 911e4552-0185-0f87-0245-00000d0ac050 
on database directory memory:C:\Users\uzaifahmad.shaikh\eclipse-workspace\SpringInventory1\7b8e8747-f47f-4f1b-9d23-93e882c11721 with class loader jdk.internal.loader.ClassLoaders$AppClassLoader@2aae9190 
Loaded from file:/C:/Users/uzaifahmad.shaikh/.m2/repository/org/apache/derby/derby/10.14.2.0/derby-10.14.2.0.jar
java.vendor=Eclipse Adoptium
java.runtime.version=17.0.1+12
user.dir=C:\Users\uzaifahmad.shaikh\eclipse-workspace\SpringInventory1
os.name=Windows 10
os.arch=amd64
os.version=10.0
derby.system.home=null
Database Class Loader started - derby.database.classpath=''
----------------------------------------------------------------
Wed Dec 14 13:14:15 IST 2022:
Shutting down instance 911e4552-0185-0f87-0245-00000d0ac050 on database directory memory:C:\Users\uzaifahmad.shaikh\eclipse-workspace\SpringInventory1\7b8e8747-f47f-4f1b-9d23-93e882c11721 with class loader jdk.internal.loader.ClassLoaders$AppClassLoader@2aae9190 
----------------------------------------------------------------
Wed Dec 14 13:14:17 IST 2022:
Booting Derby version The Apache Software Foundation - Apache Derby - 10.14.2.0 - (1828579): instance 00c00601-0185-0f87-0245-00000d0ac050 
on database directory memory:C:\Users\uzaifahmad.shaikh\eclipse-workspace\SpringInventory1\b7dc0f39-92f0-468a-befe-fdaaa1a9d41b with class loader jdk.internal.loader.ClassLoaders$AppClassLoader@2aae9190 
Loaded from file:/C:/Users/uzaifahmad.shaikh/.m2/repository/org/apache/derby/derby/10.14.2.0/derby-10.14.2.0.jar
java.vendor=Eclipse Adoptium
java.runtime.version=17.0.1+12
user.dir=C:\Users\uzaifahmad.shaikh\eclipse-workspace\SpringInventory1
os.name=Windows 10
os.arch=amd64
os.version=10.0
derby.system.home=null
Database Class Loader started - derby.database.classpath=''
----------------------------------------------------------------
Wed Dec 14 13:14:21 IST 2022:
Shutting down instance 00c00601-0185-0f87-0245-00000d0ac050 on database directory memory:C:\Users\uzaifahmad.shaikh\eclipse-workspace\SpringInventory1\b7dc0f39-92f0-468a-befe-fdaaa1a9d41b with class loader jdk.internal.loader.ClassLoaders$AppClassLoader@2aae9190 
----------------------------------------------------------------
Wed Dec 14 13:14:22 IST 2022:
Booting Derby version The Apache Software Foundation - Apache Derby - 10.14.2.0 - (1828579): instance 674946a7-0185-0f87-0245-00000d0ac050 
on database directory memory:C:\Users\uzaifahmad.shaikh\eclipse-workspace\SpringInventory1\cca9413c-7ba8-4d9a-a9fc-afd45708b242 with class loader jdk.internal.loader.ClassLoaders$AppClassLoader@2aae9190 
Loaded from file:/C:/Users/uzaifahmad.shaikh/.m2/repository/org/apache/derby/derby/10.14.2.0/derby-10.14.2.0.jar
java.vendor=Eclipse Adoptium
java.runtime.version=17.0.1+12
user.dir=C:\Users\uzaifahmad.shaikh\eclipse-workspace\SpringInventory1
os.name=Windows 10
os.arch=amd64
os.version=10.0
derby.system.home=null
Database Class Loader started - derby.database.classpath=''
----------------------------------------------------------------
Wed Dec 14 13:14:26 IST 2022:
Shutting down instance 674946a7-0185-0f87-0245-00000d0ac050 on database directory memory:C:\Users\uzaifahmad.shaikh\eclipse-workspace\SpringInventory1\cca9413c-7ba8-4d9a-a9fc-afd45708b242 with class loader jdk.internal.loader.ClassLoaders$AppClassLoader@2aae9190 
----------------------------------------------------------------
Wed Dec 14 13:14:27 IST 2022:
Booting Derby version The Apache Software Foundation - Apache Derby - 10.14.2.0 - (1828579): instance 68bb874d-0185-0f87-0245-00000d0ac050 
on database directory memory:C:\Users\uzaifahmad.shaikh\eclipse-workspace\SpringInventory1\363c440f-b140-4126-847e-a31b71ad41b1 with class loader jdk.internal.loader.ClassLoaders$AppClassLoader@2aae9190 
Loaded from file:/C:/Users/uzaifahmad.shaikh/.m2/repository/org/apache/derby/derby/10.14.2.0/derby-10.14.2.0.jar
java.vendor=Eclipse Adoptium
java.runtime.version=17.0.1+12
user.dir=C:\Users\uzaifahmad.shaikh\eclipse-workspace\SpringInventory1
os.name=Windows 10
os.arch=amd64
os.version=10.0
derby.system.home=null
Database Class Loader started - derby.database.classpath=''
----------------------------------------------------------------
Wed Dec 14 13:14:32 IST 2022:
Shutting down instance 68bb874d-0185-0f87-0245-00000d0ac050 on database directory memory:C:\Users\uzaifahmad.shaikh\eclipse-workspace\SpringInventory1\363c440f-b140-4126-847e-a31b71ad41b1 with class loader jdk.internal.loader.ClassLoaders$AppClassLoader@2aae9190 
----------------------------------------------------------------
Wed Dec 14 13:14:33 IST 2022:
Booting Derby version The Apache Software Foundation - Apache Derby - 10.14.2.0 - (1828579): instance 8516c7f3-0185-0f87-0245-00000d0ac050 
on database directory memory:C:\Users\uzaifahmad.shaikh\eclipse-workspace\SpringInventory1\fedf2a54-d5d4-4272-85fa-83662047b7c5 with class loader jdk.internal.loader.ClassLoaders$AppClassLoader@2aae9190 
Loaded from file:/C:/Users/uzaifahmad.shaikh/.m2/repository/org/apache/derby/derby/10.14.2.0/derby-10.14.2.0.jar
java.vendor=Eclipse Adoptium
java.runtime.version=17.0.1+12
user.dir=C:\Users\uzaifahmad.shaikh\eclipse-workspace\SpringInventory1
os.name=Windows 10
os.arch=amd64
os.version=10.0
derby.system.home=null
Database Class Loader started - derby.database.classpath=''
----------------------------------------------------------------
Wed Dec 14 13:15:26 IST 2022:
Shutting down instance 8516c7f3-0185-0f87-0245-00000d0ac050 on database directory memory:C:\Users\uzaifahmad.shaikh\eclipse-workspace\SpringInventory1\fedf2a54-d5d4-4272-85fa-83662047b7c5 with class loader jdk.internal.loader.ClassLoaders$AppClassLoader@2aae9190 
----------------------------------------------------------------
Wed Dec 14 13:15:27 IST 2022:
Booting Derby version The Apache Software Foundation - Apache Derby - 10.14.2.0 - (1828579): instance c36c08a0-0185-0f87-0245-00000d0ac050 
on database directory memory:C:\Users\uzaifahmad.shaikh\eclipse-workspace\SpringInventory1\20b87da7-bb35-4166-8e60-e2e937a1687f with class loader jdk.internal.loader.ClassLoaders$AppClassLoader@2aae9190 
Loaded from file:/C:/Users/uzaifahmad.shaikh/.m2/repository/org/apache/derby/derby/10.14.2.0/derby-10.14.2.0.jar
java.vendor=Eclipse Adoptium
java.runtime.version=17.0.1+12
user.dir=C:\Users\uzaifahmad.shaikh\eclipse-workspace\SpringInventory1
os.name=Windows 10
os.arch=amd64
os.version=10.0
derby.system.home=null
Database Class Loader started - derby.database.classpath=''
----------------------------------------------------------------
Wed Dec 14 13:22:16 IST 2022:
Shutting down instance c36c08a0-0185-0f87-0245-00000d0ac050 on database directory memory:C:\Users\uzaifahmad.shaikh\eclipse-workspace\SpringInventory1\20b87da7-bb35-4166-8e60-e2e937a1687f with class loader jdk.internal.loader.ClassLoaders$AppClassLoader@2aae9190 
----------------------------------------------------------------
Wed Dec 14 13:22:17 IST 2022:
Booting Derby version The Apache Software Foundation - Apache Derby - 10.14.2.0 - (1828579): instance 37478954-0185-0f87-0245-00000d0ac050 
on database directory memory:C:\Users\uzaifahmad.shaikh\eclipse-workspace\SpringInventory1\434491be-03a6-4588-bc08-bf56b5ad2bb0 with class loader jdk.internal.loader.ClassLoaders$AppClassLoader@2aae9190 
Loaded from file:/C:/Users/uzaifahmad.shaikh/.m2/repository/org/apache/derby/derby/10.14.2.0/derby-10.14.2.0.jar
java.vendor=Eclipse Adoptium
java.runtime.version=17.0.1+12
user.dir=C:\Users\uzaifahmad.shaikh\eclipse-workspace\SpringInventory1
os.name=Windows 10
os.arch=amd64
os.version=10.0
derby.system.home=null
Database Class Loader started - derby.database.classpath=''
----------------------------------------------------------------
Wed Dec 14 13:25:10 IST 2022:
Shutting down instance 37478954-0185-0f87-0245-00000d0ac050 on database directory memory:C:\Users\uzaifahmad.shaikh\eclipse-workspace\SpringInventory1\434491be-03a6-4588-bc08-bf56b5ad2bb0 with class loader jdk.internal.loader.ClassLoaders$AppClassLoader@2aae9190 
----------------------------------------------------------------
Wed Dec 14 13:25:12 IST 2022:
Booting Derby version The Apache Software Foundation - Apache Derby - 10.14.2.0 - (1828579): instance 01400a01-0185-0f87-0245-00000d0ac050 
on database directory memory:C:\Users\uzaifahmad.shaikh\eclipse-workspace\SpringInventory1\b1c1f135-6fd7-4595-9089-b6a5b349d025 with class loader jdk.internal.loader.ClassLoaders$AppClassLoader@2aae9190 
Loaded from file:/C:/Users/uzaifahmad.shaikh/.m2/repository/org/apache/derby/derby/10.14.2.0/derby-10.14.2.0.jar
java.vendor=Eclipse Adoptium
java.runtime.version=17.0.1+12
user.dir=C:\Users\uzaifahmad.shaikh\eclipse-workspace\SpringInventory1
os.name=Windows 10
os.arch=amd64
os.version=10.0
derby.system.home=null
Database Class Loader started - derby.database.classpath=''
----------------------------------------------------------------
Wed Dec 14 13:25:20 IST 2022:
Shutting down instance 01400a01-0185-0f87-0245-00000d0ac050 on database directory memory:C:\Users\uzaifahmad.shaikh\eclipse-workspace\SpringInventory1\b1c1f135-6fd7-4595-9089-b6a5b349d025 with class loader jdk.internal.loader.ClassLoaders$AppClassLoader@2aae9190 
----------------------------------------------------------------
Wed Dec 14 13:25:21 IST 2022:
Booting Derby version The Apache Software Foundation - Apache Derby - 10.14.2.0 - (1828579): instance 0dc94aa7-0185-0f87-0245-00000d0ac050 
on database directory memory:C:\Users\uzaifahmad.shaikh\eclipse-workspace\SpringInventory1\ae7c1ca6-8d82-4f47-8933-6ba343061272 with class loader jdk.internal.loader.ClassLoaders$AppClassLoader@2aae9190 
Loaded from file:/C:/Users/uzaifahmad.shaikh/.m2/repository/org/apache/derby/derby/10.14.2.0/derby-10.14.2.0.jar
java.vendor=Eclipse Adoptium
java.runtime.version=17.0.1+12
user.dir=C:\Users\uzaifahmad.shaikh\eclipse-workspace\SpringInventory1
os.name=Windows 10
os.arch=amd64
os.version=10.0
derby.system.home=null
Database Class Loader started - derby.database.classpath=''
----------------------------------------------------------------
Wed Dec 14 13:25:32 IST 2022:
Shutting down instance 0dc94aa7-0185-0f87-0245-00000d0ac050 on database directory memory:C:\Users\uzaifahmad.shaikh\eclipse-workspace\SpringInventory1\ae7c1ca6-8d82-4f47-8933-6ba343061272 with class loader jdk.internal.loader.ClassLoaders$AppClassLoader@2aae9190 
----------------------------------------------------------------
Wed Dec 14 13:25:34 IST 2022:
Booting Derby version The Apache Software Foundation - Apache Derby - 10.14.2.0 - (1828579): instance b53b8b4d-0185-0f87-0245-00000d0ac050 
on database directory memory:C:\Users\uzaifahmad.shaikh\eclipse-workspace\SpringInventory1\8547dfa6-9989-4300-8fdd-989a062b047e with class loader jdk.internal.loader.ClassLoaders$AppClassLoader@2aae9190 
Loaded from file:/C:/Users/uzaifahmad.shaikh/.m2/repository/org/apache/derby/derby/10.14.2.0/derby-10.14.2.0.jar
java.vendor=Eclipse Adoptium
java.runtime.version=17.0.1+12
user.dir=C:\Users\uzaifahmad.shaikh\eclipse-workspace\SpringInventory1
os.name=Windows 10
os.arch=amd64
os.version=10.0
derby.system.home=null
Database Class Loader started - derby.database.classpath=''
----------------------------------------------------------------
Wed Dec 14 13:26:20 IST 2022:
Shutting down instance b53b8b4d-0185-0f87-0245-00000d0ac050 on database directory memory:C:\Users\uzaifahmad.shaikh\eclipse-workspace\SpringInventory1\8547dfa6-9989-4300-8fdd-989a062b047e with class loader jdk.internal.loader.ClassLoaders$AppClassLoader@2aae9190 
----------------------------------------------------------------
Wed Dec 14 13:26:21 IST 2022:
Booting Derby version The Apache Software Foundation - Apache Derby - 10.14.2.0 - (1828579): instance 1d908bf5-0185-0f87-0245-00000d0ac050 
on database directory memory:C:\Users\uzaifahmad.shaikh\eclipse-workspace\SpringInventory1\0710ac93-d0d4-4438-a16d-fa9af9a3ea7d with class loader jdk.internal.loader.ClassLoaders$AppClassLoader@2aae9190 
Loaded from file:/C:/Users/uzaifahmad.shaikh/.m2/repository/org/apache/derby/derby/10.14.2.0/derby-10.14.2.0.jar
java.vendor=Eclipse Adoptium
java.runtime.version=17.0.1+12
user.dir=C:\Users\uzaifahmad.shaikh\eclipse-workspace\SpringInventory1
os.name=Windows 10
os.arch=amd64
os.version=10.0
derby.system.home=null
Database Class Loader started - derby.database.classpath=''
----------------------------------------------------------------
Wed Dec 14 13:26:26 IST 2022:
Shutting down instance 1d908bf5-0185-0f87-0245-00000d0ac050 on database directory memory:C:\Users\uzaifahmad.shaikh\eclipse-workspace\SpringInventory1\0710ac93-d0d4-4438-a16d-fa9af9a3ea7d with class loader jdk.internal.loader.ClassLoaders$AppClassLoader@2aae9190 
----------------------------------------------------------------
Wed Dec 14 13:26:27 IST 2022:
Booting Derby version The Apache Software Foundation - Apache Derby - 10.14.2.0 - (1828579): instance fb27cc9b-0185-0f87-0245-00000d0ac050 
on database directory memory:C:\Users\uzaifahmad.shaikh\eclipse-workspace\SpringInventory1\eab91145-d9e8-4810-998a-927c48174b14 with class loader jdk.internal.loader.ClassLoaders$AppClassLoader@2aae9190 
Loaded from file:/C:/Users/uzaifahmad.shaikh/.m2/repository/org/apache/derby/derby/10.14.2.0/derby-10.14.2.0.jar
java.vendor=Eclipse Adoptium
java.runtime.version=17.0.1+12
user.dir=C:\Users\uzaifahmad.shaikh\eclipse-workspace\SpringInventory1
os.name=Windows 10
os.arch=amd64
os.version=10.0
derby.system.home=null
Database Class Loader started - derby.database.classpath=''
----------------------------------------------------------------
Wed Dec 14 13:27:08 IST 2022:
Shutting down instance fb27cc9b-0185-0f87-0245-00000d0ac050 on database directory memory:C:\Users\uzaifahmad.shaikh\eclipse-workspace\SpringInventory1\eab91145-d9e8-4810-998a-927c48174b14 with class loader jdk.internal.loader.ClassLoaders$AppClassLoader@2aae9190 
----------------------------------------------------------------
Wed Dec 14 13:27:09 IST 2022:
Booting Derby version The Apache Software Foundation - Apache Derby - 10.14.2.0 - (1828579): instance 73a80d41-0185-0f87-0245-00000d0ac050 
on database directory memory:C:\Users\uzaifahmad.shaikh\eclipse-workspace\SpringInventory1\4062512b-3574-49a9-b26f-51fefbca4bd8 with class loader jdk.internal.loader.ClassLoaders$AppClassLoader@2aae9190 
Loaded from file:/C:/Users/uzaifahmad.shaikh/.m2/repository/org/apache/derby/derby/10.14.2.0/derby-10.14.2.0.jar
java.vendor=Eclipse Adoptium
java.runtime.version=17.0.1+12
user.dir=C:\Users\uzaifahmad.shaikh\eclipse-workspace\SpringInventory1
os.name=Windows 10
os.arch=amd64
os.version=10.0
derby.system.home=null
Database Class Loader started - derby.database.classpath=''
----------------------------------------------------------------
Wed Dec 14 13:28:04 IST 2022:
Shutting down instance 73a80d41-0185-0f87-0245-00000d0ac050 on database directory memory:C:\Users\uzaifahmad.shaikh\eclipse-workspace\SpringInventory1\4062512b-3574-49a9-b26f-51fefbca4bd8 with class loader jdk.internal.loader.ClassLoaders$AppClassLoader@2aae9190 
----------------------------------------------------------------
Wed Dec 14 13:28:06 IST 2022:
Booting Derby version The Apache Software Foundation - Apache Derby - 10.14.2.0 - (1828579): instance 2e050de9-0185-0f87-0245-00000d0ac050 
on database directory memory:C:\Users\uzaifahmad.shaikh\eclipse-workspace\SpringInventory1\dabc99ea-6391-4e3b-b694-1648eb34d405 with class loader jdk.internal.loader.ClassLoaders$AppClassLoader@2aae9190 
Loaded from file:/C:/Users/uzaifahmad.shaikh/.m2/repository/org/apache/derby/derby/10.14.2.0/derby-10.14.2.0.jar
java.vendor=Eclipse Adoptium
java.runtime.version=17.0.1+12
user.dir=C:\Users\uzaifahmad.shaikh\eclipse-workspace\SpringInventory1
os.name=Windows 10
os.arch=amd64
os.version=10.0
derby.system.home=null
Database Class Loader started - derby.database.classpath=''
----------------------------------------------------------------
Wed Dec 14 13:28:54 IST 2022:
Shutting down instance 2e050de9-0185-0f87-0245-00000d0ac050 on database directory memory:C:\Users\uzaifahmad.shaikh\eclipse-workspace\SpringInventory1\dabc99ea-6391-4e3b-b694-1648eb34d405 with class loader jdk.internal.loader.ClassLoaders$AppClassLoader@2aae9190 
----------------------------------------------------------------
Wed Dec 14 13:28:55 IST 2022:
Booting Derby version The Apache Software Foundation - Apache Derby - 10.14.2.0 - (1828579): instance dcaa4e8f-0185-0f87-0245-00000d0ac050 
on database directory memory:C:\Users\uzaifahmad.shaikh\eclipse-workspace\SpringInventory1\4b2b9bb6-26a5-46ea-8330-51697820a405 with class loader jdk.internal.loader.ClassLoaders$AppClassLoader@2aae9190 
Loaded from file:/C:/Users/uzaifahmad.shaikh/.m2/repository/org/apache/derby/derby/10.14.2.0/derby-10.14.2.0.jar
java.vendor=Eclipse Adoptium
java.runtime.version=17.0.1+12
user.dir=C:\Users\uzaifahmad.shaikh\eclipse-workspace\SpringInventory1
os.name=Windows 10
os.arch=amd64
os.version=10.0
derby.system.home=null
Database Class Loader started - derby.database.classpath=''
----------------------------------------------------------------
Wed Dec 14 13:29:01 IST 2022:
Shutting down instance dcaa4e8f-0185-0f87-0245-00000d0ac050 on database directory memory:C:\Users\uzaifahmad.shaikh\eclipse-workspace\SpringInventory1\4b2b9bb6-26a5-46ea-8330-51697820a405 with class loader jdk.internal.loader.ClassLoaders$AppClassLoader@2aae9190 
----------------------------------------------------------------
Wed Dec 14 13:29:03 IST 2022:
Booting Derby version The Apache Software Foundation - Apache Derby - 10.14.2.0 - (1828579): instance 26388f35-0185-0f87-0245-00000d0ac050 
on database directory memory:C:\Users\uzaifahmad.shaikh\eclipse-workspace\SpringInventory1\89070643-efe9-4044-8bf6-ff90cca0ed83 with class loader jdk.internal.loader.ClassLoaders$AppClassLoader@2aae9190 
Loaded from file:/C:/Users/uzaifahmad.shaikh/.m2/repository/org/apache/derby/derby/10.14.2.0/derby-10.14.2.0.jar
java.vendor=Eclipse Adoptium
java.runtime.version=17.0.1+12
user.dir=C:\Users\uzaifahmad.shaikh\eclipse-workspace\SpringInventory1
os.name=Windows 10
os.arch=amd64
os.version=10.0
derby.system.home=null
Database Class Loader started - derby.database.classpath=''
----------------------------------------------------------------
Wed Dec 14 13:30:00 IST 2022:
Shutting down instance 26388f35-0185-0f87-0245-00000d0ac050 on database directory memory:C:\Users\uzaifahmad.shaikh\eclipse-workspace\SpringInventory1\89070643-efe9-4044-8bf6-ff90cca0ed83 with class loader jdk.internal.loader.ClassLoaders$AppClassLoader@2aae9190 
----------------------------------------------------------------
Wed Dec 14 13:30:02 IST 2022:
Booting Derby version The Apache Software Foundation - Apache Derby - 10.14.2.0 - (1828579): instance 8aafcfdb-0185-0f87-0245-00000d0ac050 
on database directory memory:C:\Users\uzaifahmad.shaikh\eclipse-workspace\SpringInventory1\2bc85148-2f09-4a90-a2e1-a884f93a181c with class loader jdk.internal.loader.ClassLoaders$AppClassLoader@2aae9190 
Loaded from file:/C:/Users/uzaifahmad.shaikh/.m2/repository/org/apache/derby/derby/10.14.2.0/derby-10.14.2.0.jar
java.vendor=Eclipse Adoptium
java.runtime.version=17.0.1+12
user.dir=C:\Users\uzaifahmad.shaikh\eclipse-workspace\SpringInventory1
os.name=Windows 10
os.arch=amd64
os.version=10.0
derby.system.home=null
Database Class Loader started - derby.database.classpath=''
----------------------------------------------------------------
Wed Dec 14 13:33:38 IST 2022:
Shutting down instance 8aafcfdb-0185-0f87-0245-00000d0ac050 on database directory memory:C:\Users\uzaifahmad.shaikh\eclipse-workspace\SpringInventory1\2bc85148-2f09-4a90-a2e1-a884f93a181c with class loader jdk.internal.loader.ClassLoaders$AppClassLoader@2aae9190 
----------------------------------------------------------------
Wed Dec 14 13:33:41 IST 2022:
Booting Derby version The Apache Software Foundation - Apache Derby - 10.14.2.0 - (1828579): instance 773b508a-0185-0f87-0245-00000d0ac050 
on database directory memory:C:\Users\uzaifahmad.shaikh\eclipse-workspace\SpringInventory1\36d9ad4f-5b0b-4199-bda4-57e9671e9180 with class loader jdk.internal.loader.ClassLoaders$AppClassLoader@2aae9190 
Loaded from file:/C:/Users/uzaifahmad.shaikh/.m2/repository/org/apache/derby/derby/10.14.2.0/derby-10.14.2.0.jar
java.vendor=Eclipse Adoptium
java.runtime.version=17.0.1+12
user.dir=C:\Users\uzaifahmad.shaikh\eclipse-workspace\SpringInventory1
os.name=Windows 10
os.arch=amd64
os.version=10.0
derby.system.home=null
Database Class Loader started - derby.database.classpath=''
----------------------------------------------------------------
Wed Dec 14 13:34:33 IST 2022:
Shutting down instance 773b508a-0185-0f87-0245-00000d0ac050 on database directory memory:C:\Users\uzaifahmad.shaikh\eclipse-workspace\SpringInventory1\36d9ad4f-5b0b-4199-bda4-57e9671e9180 with class loader jdk.internal.loader.ClassLoaders$AppClassLoader@2aae9190 
----------------------------------------------------------------
Wed Dec 14 13:34:34 IST 2022:
Booting Derby version The Apache Software Foundation - Apache Derby - 10.14.2.0 - (1828579): instance e2fa1130-0185-0f87-0245-00000d0ac050 
on database directory memory:C:\Users\uzaifahmad.shaikh\eclipse-workspace\SpringInventory1\10432965-3cc6-4ca5-b38f-1597741e5c00 with class loader jdk.internal.loader.ClassLoaders$AppClassLoader@2aae9190 
Loaded from file:/C:/Users/uzaifahmad.shaikh/.m2/repository/org/apache/derby/derby/10.14.2.0/derby-10.14.2.0.jar
java.vendor=Eclipse Adoptium
java.runtime.version=17.0.1+12
user.dir=C:\Users\uzaifahmad.shaikh\eclipse-workspace\SpringInventory1
os.name=Windows 10
os.arch=amd64
os.version=10.0
derby.system.home=null
Database Class Loader started - derby.database.classpath=''
----------------------------------------------------------------
Wed Dec 14 13:34:58 IST 2022:
Shutting down instance e2fa1130-0185-0f87-0245-00000d0ac050 on database directory memory:C:\Users\uzaifahmad.shaikh\eclipse-workspace\SpringInventory1\10432965-3cc6-4ca5-b38f-1597741e5c00 with class loader jdk.internal.loader.ClassLoaders$AppClassLoader@2aae9190 
----------------------------------------------------------------
Wed Dec 14 13:34:59 IST 2022:
Booting Derby version The Apache Software Foundation - Apache Derby - 10.14.2.0 - (1828579): instance 29a1d1d6-0185-0f87-0245-00000d0ac050 
on database directory memory:C:\Users\uzaifahmad.shaikh\eclipse-workspace\SpringInventory1\da3c421d-eb24-45b9-9a63-84192025d26d with class loader jdk.internal.loader.ClassLoaders$AppClassLoader@2aae9190 
Loaded from file:/C:/Users/uzaifahmad.shaikh/.m2/repository/org/apache/derby/derby/10.14.2.0/derby-10.14.2.0.jar
java.vendor=Eclipse Adoptium
java.runtime.version=17.0.1+12
user.dir=C:\Users\uzaifahmad.shaikh\eclipse-workspace\SpringInventory1
os.name=Windows 10
os.arch=amd64
os.version=10.0
derby.system.home=null
Database Class Loader started - derby.database.classpath=''
